<?xml version="1.0" encoding="UTF-8"?>
<!-- Generated by org.testng.reporters.JUnitReportReporter -->
<testsuite skipped="0" hostname="Claude-PC" name="facebooksignup.FacebookSignUp" tests="2" failures="0" timestamp="17 Nov 2018 19:32:38 GMT" time="31.389" errors="0">
  <testcase name="machineInfo" time="0.000" classname="facebooksignup.FacebookSignUp"/>
  <testcase name="signup" time="31.389" classname="facebooksignup.FacebookSignUp"/>
</testsuite> <!-- facebooksignup.FacebookSignUp -->
