<?xml version="1.0" encoding="UTF-8"?>
<!-- Generated by org.testng.reporters.JUnitReportReporter -->
<testsuite skipped="0" hostname="Claude-PC" name="com.devops1.DevopsStudy.AppTest" tests="1" failures="0" timestamp="05 Jan 2019 19:49:53 GMT" time="77.903" errors="0">
  <testcase name="signUp" time="77.903" classname="com.devops1.DevopsStudy.AppTest"/>
</testsuite> <!-- com.devops1.DevopsStudy.AppTest -->
